C:\Program Files\Microsoft Visual Studio\18\Community\MSBuild\Microsoft\VC\v180\Microsoft.CppBuild.targets(534,5): warning MSB8004: Output Directory does not end with a trailing slash.  This build instance will add the slash as it is required to allow proper evaluation of the Output Directory.
  ClassFactory.cpp
  dllmain.cpp
  FileDragDropExt.cpp
C:\Users\eneleich\Documents\GitHub\NeathCopy\Used Projects\NeathCopyShell\PathWriter.h(27,13): warning C4996: 'fopen': This function or variable may be unsafe. Consider using fopen_s instead. To disable deprecation, use _CRT_SECURE_NO_WARNINGS. See online help for details.
  (compiling source file 'FileDragDropExt.cpp')
  
C:\Users\eneleich\Documents\GitHub\NeathCopy\Used Projects\NeathCopyShell\PathWriter.h(47,34): warning C4018: '>': signed/unsigned mismatch
  (compiling source file 'FileDragDropExt.cpp')
  
C:\Users\eneleich\Documents\GitHub\NeathCopy\Used Projects\NeathCopyShell\PathWriter.h(53,4): warning C4996: 'wcscat': This function or variable may be unsafe. Consider using wcscat_s instead. To disable deprecation, use _CRT_SECURE_NO_WARNINGS. See online help for details.
  (compiling source file 'FileDragDropExt.cpp')
  
C:\Users\eneleich\Documents\GitHub\NeathCopy\Used Projects\NeathCopyShell\PathWriter.h(56,4): warning C4996: 'wcscat': This function or variable may be unsafe. Consider using wcscat_s instead. To disable deprecation, use _CRT_SECURE_NO_WARNINGS. See online help for details.
  (compiling source file 'FileDragDropExt.cpp')
  
C:\Users\eneleich\Documents\GitHub\NeathCopy\Used Projects\NeathCopyShell\FileDragDropExt.cpp(186,23): warning C4018: '<': signed/unsigned mismatch
C:\Users\eneleich\Documents\GitHub\NeathCopy\Used Projects\NeathCopyShell\FileDragDropExt.cpp(190,6): warning C4996: 'wcscat': This function or variable may be unsafe. Consider using wcscat_s instead. To disable deprecation, use _CRT_SECURE_NO_WARNINGS. See online help for details.
C:\Users\eneleich\Documents\GitHub\NeathCopy\Used Projects\NeathCopyShell\FileDragDropExt.cpp(191,6): warning C4996: 'wcscat': This function or variable may be unsafe. Consider using wcscat_s instead. To disable deprecation, use _CRT_SECURE_NO_WARNINGS. See online help for details.
  Reg.cpp
     Creating library ..\..\Target\ShellExt_x86\NeathCopyShell.lib and object ..\..\Target\ShellExt_x86\NeathCopyShell.exp
  Generating code
  Previous IPDB not found, fall back to full compilation.
  All 189 functions were compiled because no usable IPDB/IOBJ from previous compilation was found.
  Finished generating code
  NeathCopyShell.vcxproj -> C:\Users\eneleich\Documents\GitHub\NeathCopy\Target\ShellExt_x86\NeathCopyShell.dll
