  ClassFactory.cpp
  dllmain.cpp
  FileDragDropExt.cpp
D:\Company\!!Projects\NeathCopy\Used Projects\NeathCopyShell\PathWriter.h(27,1): warning C4996: 'fopen': This function or variable may be unsafe. Consider using fopen_s instead. To disable deprecation, use _CRT_SECURE_NO_WARNINGS. See online help for details.
C:\Program Files (x86)\Windows Kits\10\Include\10.0.18362.0\ucrt\stdio.h(208): message : see declaration of 'fopen'
D:\Company\!!Projects\NeathCopy\Used Projects\NeathCopyShell\PathWriter.h(53,4): warning C4996: 'wcscat': This function or variable may be unsafe. Consider using wcscat_s instead. To disable deprecation, use _CRT_SECURE_NO_WARNINGS. See online help for details.
C:\Program Files (x86)\Windows Kits\10\Include\10.0.18362.0\ucrt\corecrt_wstring.h(100): message : see declaration of 'wcscat'
D:\Company\!!Projects\NeathCopy\Used Projects\NeathCopyShell\PathWriter.h(56,4): warning C4996: 'wcscat': This function or variable may be unsafe. Consider using wcscat_s instead. To disable deprecation, use _CRT_SECURE_NO_WARNINGS. See online help for details.
C:\Program Files (x86)\Windows Kits\10\Include\10.0.18362.0\ucrt\corecrt_wstring.h(100): message : see declaration of 'wcscat'
D:\Company\!!Projects\NeathCopy\Used Projects\NeathCopyShell\FileDragDropExt.cpp(186,23): warning C4018: '<': signed/unsigned mismatch
D:\Company\!!Projects\NeathCopy\Used Projects\NeathCopyShell\FileDragDropExt.cpp(190,6): warning C4996: 'wcscat': This function or variable may be unsafe. Consider using wcscat_s instead. To disable deprecation, use _CRT_SECURE_NO_WARNINGS. See online help for details.
C:\Program Files (x86)\Windows Kits\10\Include\10.0.18362.0\ucrt\corecrt_wstring.h(100): message : see declaration of 'wcscat'
D:\Company\!!Projects\NeathCopy\Used Projects\NeathCopyShell\FileDragDropExt.cpp(191,6): warning C4996: 'wcscat': This function or variable may be unsafe. Consider using wcscat_s instead. To disable deprecation, use _CRT_SECURE_NO_WARNINGS. See online help for details.
C:\Program Files (x86)\Windows Kits\10\Include\10.0.18362.0\ucrt\corecrt_wstring.h(100): message : see declaration of 'wcscat'
  Reg.cpp
     Creating library D:\Company\!!Projects\NeathCopy\x64\Release\NeathCopyShell.lib and object D:\Company\!!Projects\NeathCopy\x64\Release\NeathCopyShell.exp
  Generating code
  Previous IPDB not found, fall back to full compilation.
  All 186 functions were compiled because no usable IPDB/IOBJ from previous compilation was found.
  Finished generating code
  NeathCopyShell.vcxproj -> D:\Company\!!Projects\NeathCopy\x64\Release\NeathCopyShell.dll
